[0m12:45:31.318948 [debug] [MainThread]: Sending event: {'category': 'dbt', 'action': 'invocation', 'label': 'start', 'context': [<snowplow_tracker.self_describing_json.SelfDescribingJson object at 0x0000026F68920FD0>, <snowplow_tracker.self_describing_json.SelfDescribingJson object at 0x0000026F69B64CA0>, <snowplow_tracker.self_describing_json.SelfDescribingJson object at 0x0000026F69B646D0>]}


============================== 12:45:31.329473 | ef30fea8-93cf-424f-80c2-b8a4a57ebd0d ==============================
[0m12:45:31.329473 [info ] [MainThread]: Running with dbt=1.11.6
[0m12:45:31.329473 [debug] [MainThread]: running dbt with arguments {'static_parser': 'True', 'no_print': 'None', 'version_check': 'True', 'target_path': 'None', 'warn_error_options': 'WarnErrorOptionsV2(error=[], warn=[], silence=[])', 'printer_width': '80', 'write_json': 'True', 'empty': 'None', 'log_cache_events': 'False', 'introspect': 'True', 'cache_selected_only': 'False', 'log_format': 'default', 'debug': 'False', 'fail_fast': 'False', 'profiles_dir': 'C:\\Users\\lsh58\\.dbt', 'send_anonymous_usage_stats': 'True', 'quiet': 'False', 'warn_error': 'None', 'partial_parse': 'True', 'invocation_command': 'dbt init', 'use_colors': 'True', 'indirect_selection': 'eager', 'use_experimental_parser': 'False', 'log_path': 'logs'}
[0m12:46:11.281690 [debug] [MainThread]: Starter project path: C:\Users\lsh58\dbt-projects\venv\lib\site-packages\dbt\include\starter_project
[0m12:46:11.311265 [info ] [MainThread]: 
Your new dbt project "medium_project" was created!

For more information on how to configure the profiles.yml file,
please consult the dbt documentation here:

  https://docs.getdbt.com/docs/configure-your-profile

One more thing:

Need help? Don't hesitate to reach out to us via GitHub issues or on Slack:

  https://community.getdbt.com/

Happy modeling!

[0m12:46:11.315007 [info ] [MainThread]: Setting up your profile.
[0m12:46:58.829211 [debug] [MainThread]: Spark adapter: Setting pyhive.hive logging to ERROR
[0m12:46:58.829211 [debug] [MainThread]: Spark adapter: Setting thrift.transport logging to ERROR
[0m12:46:58.829211 [debug] [MainThread]: Spark adapter: Setting thrift.protocol logging to ERROR
[0m12:50:50.369172 [info ] [MainThread]: Profile medium_project written to C:\Users\lsh58\.dbt\profiles.yml using target's profile_template.yml and your supplied values. Run 'dbt debug' to validate the connection.
[0m12:50:50.369172 [debug] [MainThread]: Command `dbt init` succeeded at 12:50:50.369172 after 319.14 seconds
[0m12:50:50.369172 [debug] [MainThread]: Sending event: {'category': 'dbt', 'action': 'invocation', 'label': 'end', 'context': [<snowplow_tracker.self_describing_json.SelfDescribingJson object at 0x0000026F68920FD0>, <snowplow_tracker.self_describing_json.SelfDescribingJson object at 0x0000026F69B674F0>, <snowplow_tracker.self_describing_json.SelfDescribingJson object at 0x0000026F69BD3B50>]}
[0m12:50:50.369172 [debug] [MainThread]: Flushing usage events
[0m12:50:51.128246 [debug] [MainThread]: An error was encountered while trying to flush usage events
